2025-04-18 21:59:59,932 - INFO - Performing dry run - no changes will be made
2025-04-18 21:59:59,933 - INFO - Found 41 HTML files in gold
2025-04-18 21:59:59,934 - WARNING - The following scripts are referenced but not found:
2025-04-18 21:59:59,935 - WARNING -   - dropdown-scenario-level.js.
2025-04-18 21:59:59,935 - INFO - Would update paths in /Users/kevincasey/Documents/GitHub/smartui/gold/messagesandincidents.html
2025-04-18 21:59:59,935 - INFO - Would update paths in /Users/kevincasey/Documents/GitHub/smartui/gold/openingpageOV.html
2025-04-18 21:59:59,935 - INFO - Would update paths in /Users/kevincasey/Documents/GitHub/smartui/gold/diagnosticsdevicepaymentmode.html
2025-04-18 21:59:59,935 - INFO - Would update paths in /Users/kevincasey/Documents/GitHub/smartui/gold/diagnosticssupplystatus.html
2025-04-18 21:59:59,936 - INFO - Would update paths in /Users/kevincasey/Documents/GitHub/smartui/gold/prepaymentsettingsupdateEC.html
2025-04-18 21:59:59,936 - INFO - Would update paths in /Users/kevincasey/Documents/GitHub/smartui/gold/enhancedprepaymentECauto.html
2025-04-18 21:59:59,936 - INFO - Would update paths in /Users/kevincasey/Documents/GitHub/smartui/gold/diagnosticsselection.html
2025-04-18 21:59:59,936 - INFO - Would update paths in /Users/kevincasey/Documents/GitHub/smartui/gold/additionalfunctionsreplayjoindevices.html
2025-04-18 21:59:59,936 - INFO - Would update paths in /Users/kevincasey/Documents/GitHub/smartui/gold/additionalfunctionsresetmeterpin.html
2025-04-18 21:59:59,936 - INFO - Would update paths in /Users/kevincasey/Documents/GitHub/smartui/gold/additionalfunctions.html
2025-04-18 21:59:59,937 - WARNING - Could not update path for dropdown-scenario-level.js. in /Users/kevincasey/Documents/GitHub/smartui/gold/BSRinformation.html
2025-04-18 21:59:59,937 - INFO - Would update paths in /Users/kevincasey/Documents/GitHub/smartui/gold/BSRinformation.html
2025-04-18 21:59:59,937 - INFO - Would update paths in /Users/kevincasey/Documents/GitHub/smartui/gold/readprepaymentsettings.html
2025-04-18 21:59:59,937 - INFO - Would update paths in /Users/kevincasey/Documents/GitHub/smartui/gold/enhancedprepaymentlowbalance.html
2025-04-18 21:59:59,937 - INFO - Would update paths in /Users/kevincasey/Documents/GitHub/smartui/gold/prepaymentpaymentsoldsupplier.html
2025-04-18 21:59:59,937 - INFO - Would update paths in /Users/kevincasey/Documents/GitHub/smartui/gold/BSRinformationexec.html
2025-04-18 21:59:59,938 - INFO - Would update paths in /Users/kevincasey/Documents/GitHub/smartui/gold/enhancedprepaymentaddtopup.html
2025-04-18 21:59:59,938 - INFO - Would update paths in /Users/kevincasey/Documents/GitHub/smartui/gold/diagnosticsloadcontrolswitchdata.html
2025-04-18 21:59:59,938 - INFO - Would update paths in /Users/kevincasey/Documents/GitHub/smartui/gold/diagnosticsdevicelog.html
2025-04-18 21:59:59,938 - INFO - Would update paths in /Users/kevincasey/Documents/GitHub/smartui/gold/additionalfunctionsdevicecatalogue.html
2025-04-18 21:59:59,938 - INFO - Would update paths in /Users/kevincasey/Documents/GitHub/smartui/gold/diagnostics.html
2025-04-18 21:59:59,939 - INFO - Would update paths in /Users/kevincasey/Documents/GitHub/smartui/gold/meterreads.html
2025-04-18 21:59:59,939 - INFO - Would update paths in /Users/kevincasey/Documents/GitHub/smartui/gold/prepaymentpaymentshistoricUTRN.html
2025-04-18 21:59:59,939 - INFO - Would update paths in /Users/kevincasey/Documents/GitHub/smartui/gold/prepaymentpayments.html
2025-04-18 21:59:59,940 - INFO - Would update paths in /Users/kevincasey/Documents/GitHub/smartui/gold/enhancedprepaymentserviceautotopup.html
2025-04-18 21:59:59,940 - INFO - Would update paths in /Users/kevincasey/Documents/GitHub/smartui/gold/prepaymentsettingsupdateMB.html
2025-04-18 21:59:59,940 - INFO - Would update paths in /Users/kevincasey/Documents/GitHub/smartui/gold/enhancedprepaymentservice.html
2025-04-18 21:59:59,940 - INFO - Would update paths in /Users/kevincasey/Documents/GitHub/smartui/gold/openingpage.html
2025-04-18 21:59:59,940 - INFO - Would update paths in /Users/kevincasey/Documents/GitHub/smartui/gold/dataentryportal.html
2025-04-18 21:59:59,941 - INFO - Would update paths in /Users/kevincasey/Documents/GitHub/smartui/gold/enhancedprepaymentautotopup.html
2025-04-18 21:59:59,941 - INFO - Would update paths in /Users/kevincasey/Documents/GitHub/smartui/gold/diagnosticstariffinfo.html
2025-04-18 21:59:59,941 - INFO - Would update paths in /Users/kevincasey/Documents/GitHub/smartui/gold/meterreadsstored.html
2025-04-18 21:59:59,941 - INFO - Would update paths in /Users/kevincasey/Documents/GitHub/smartui/gold/diagnosticsgasdevice.html
2025-04-18 21:59:59,941 - INFO - Would update paths in /Users/kevincasey/Documents/GitHub/smartui/gold/prepaymentpaymentsUTRNgenerateSINGLE.html
2025-04-18 21:59:59,941 - WARNING - Absolute paths still found in /Users/kevincasey/Documents/GitHub/smartui/gold/messagesandincidents.html
2025-04-18 21:59:59,942 - WARNING - Missing file /smartui/scripts/w3.js referenced in /Users/kevincasey/Documents/GitHub/smartui/gold/messagesandincidents.html
2025-04-18 21:59:59,942 - WARNING - Missing file /smartui/scripts/smartui-loader.js referenced in /Users/kevincasey/Documents/GitHub/smartui/gold/messagesandincidents.html
2025-04-18 21:59:59,942 - WARNING - Missing file /smartui/scripts/utrn-table-loader.js referenced in /Users/kevincasey/Documents/GitHub/smartui/gold/messagesandincidents.html
2025-04-18 21:59:59,942 - WARNING - Missing file /smartui/scripts/reset-scenario-handler.js referenced in /Users/kevincasey/Documents/GitHub/smartui/gold/messagesandincidents.html
2025-04-18 21:59:59,942 - WARNING - Missing file /smartui/scripts/dropdown-scenario-level.js referenced in /Users/kevincasey/Documents/GitHub/smartui/gold/messagesandincidents.html
2025-04-18 21:59:59,942 - WARNING - Missing file /smartui/scripts/popper.js referenced in /Users/kevincasey/Documents/GitHub/smartui/gold/messagesandincidents.html
2025-04-18 21:59:59,942 - WARNING - Missing file /smartui/scripts/tippy.umd.js referenced in /Users/kevincasey/Documents/GitHub/smartui/gold/messagesandincidents.html
2025-04-18 21:59:59,942 - WARNING - Absolute paths still found in /Users/kevincasey/Documents/GitHub/smartui/gold/openingpageOV.html
2025-04-18 21:59:59,942 - WARNING - Missing file /smartui/scripts/smartui-loader.js referenced in /Users/kevincasey/Documents/GitHub/smartui/gold/openingpageOV.html
2025-04-18 21:59:59,942 - WARNING - Missing file /smartui/scripts/smartui-loader.js referenced in /Users/kevincasey/Documents/GitHub/smartui/gold/openingpageOV.html
2025-04-18 21:59:59,942 - WARNING - Absolute paths still found in /Users/kevincasey/Documents/GitHub/smartui/gold/diagnosticsdevicepaymentmode.html
2025-04-18 21:59:59,942 - WARNING - Missing file /smartui/scripts/smartui-loader.js referenced in /Users/kevincasey/Documents/GitHub/smartui/gold/diagnosticsdevicepaymentmode.html
2025-04-18 21:59:59,942 - WARNING - Missing file /smartui/scripts/utrn-table-loader.js referenced in /Users/kevincasey/Documents/GitHub/smartui/gold/diagnosticsdevicepaymentmode.html
2025-04-18 21:59:59,942 - WARNING - Missing file /smartui/scripts/dropdown-scenario-level.js referenced in /Users/kevincasey/Documents/GitHub/smartui/gold/diagnosticsdevicepaymentmode.html
2025-04-18 21:59:59,942 - WARNING - Missing file /smartui/scripts/reset-scenario-handler.js referenced in /Users/kevincasey/Documents/GitHub/smartui/gold/diagnosticsdevicepaymentmode.html
2025-04-18 21:59:59,942 - WARNING - Missing file /smartui/scripts/popper.js referenced in /Users/kevincasey/Documents/GitHub/smartui/gold/diagnosticsdevicepaymentmode.html
2025-04-18 21:59:59,942 - WARNING - Missing file /smartui/scripts/tippy.umd.js referenced in /Users/kevincasey/Documents/GitHub/smartui/gold/diagnosticsdevicepaymentmode.html
2025-04-18 21:59:59,943 - WARNING - Absolute paths still found in /Users/kevincasey/Documents/GitHub/smartui/gold/diagnosticssupplystatus.html
2025-04-18 21:59:59,943 - WARNING - Missing file /smartui/scripts/smartui-loader.js referenced in /Users/kevincasey/Documents/GitHub/smartui/gold/diagnosticssupplystatus.html
2025-04-18 21:59:59,943 - WARNING - Missing file /smartui/scripts/utrn-table-loader.js referenced in /Users/kevincasey/Documents/GitHub/smartui/gold/diagnosticssupplystatus.html
2025-04-18 21:59:59,943 - WARNING - Missing file /smartui/scripts/dropdown-scenario-level.js referenced in /Users/kevincasey/Documents/GitHub/smartui/gold/diagnosticssupplystatus.html
2025-04-18 21:59:59,943 - WARNING - Missing file /smartui/scripts/reset-scenario-handler.js referenced in /Users/kevincasey/Documents/GitHub/smartui/gold/diagnosticssupplystatus.html
2025-04-18 21:59:59,943 - WARNING - Missing file /smartui/scripts/popper.js referenced in /Users/kevincasey/Documents/GitHub/smartui/gold/diagnosticssupplystatus.html
2025-04-18 21:59:59,943 - WARNING - Missing file /smartui/scripts/tippy.umd.js referenced in /Users/kevincasey/Documents/GitHub/smartui/gold/diagnosticssupplystatus.html
2025-04-18 21:59:59,943 - WARNING - Absolute paths still found in /Users/kevincasey/Documents/GitHub/smartui/gold/prepaymentsettingsupdateEC.html
2025-04-18 21:59:59,943 - WARNING - Missing file /smartui/scripts/popper.js referenced in /Users/kevincasey/Documents/GitHub/smartui/gold/prepaymentsettingsupdateEC.html
2025-04-18 21:59:59,943 - WARNING - Missing file /smartui/scripts/tippy.umd.js referenced in /Users/kevincasey/Documents/GitHub/smartui/gold/prepaymentsettingsupdateEC.html
2025-04-18 21:59:59,943 - WARNING - Absolute paths still found in /Users/kevincasey/Documents/GitHub/smartui/gold/enhancedprepaymentECauto.html
2025-04-18 21:59:59,943 - WARNING - Missing file /smartui/scripts/smartui-loader.js referenced in /Users/kevincasey/Documents/GitHub/smartui/gold/enhancedprepaymentECauto.html
2025-04-18 21:59:59,943 - WARNING - Missing file /smartui/scripts/utrn-table-loader.js referenced in /Users/kevincasey/Documents/GitHub/smartui/gold/enhancedprepaymentECauto.html
2025-04-18 21:59:59,943 - WARNING - Missing file /smartui/scripts/dropdown-scenario-level.js referenced in /Users/kevincasey/Documents/GitHub/smartui/gold/enhancedprepaymentECauto.html
2025-04-18 21:59:59,943 - WARNING - Missing file /smartui/scripts/reset-scenario-handler.js referenced in /Users/kevincasey/Documents/GitHub/smartui/gold/enhancedprepaymentECauto.html
2025-04-18 21:59:59,943 - WARNING - Missing file /smartui/scripts/popper.js referenced in /Users/kevincasey/Documents/GitHub/smartui/gold/enhancedprepaymentECauto.html
2025-04-18 21:59:59,943 - WARNING - Missing file /smartui/scripts/tippy.umd.js referenced in /Users/kevincasey/Documents/GitHub/smartui/gold/enhancedprepaymentECauto.html
2025-04-18 21:59:59,944 - WARNING - Absolute paths still found in /Users/kevincasey/Documents/GitHub/smartui/gold/diagnosticsselection.html
2025-04-18 21:59:59,944 - WARNING - Missing file /smartui/scripts/smartui-loader.js referenced in /Users/kevincasey/Documents/GitHub/smartui/gold/diagnosticsselection.html
2025-04-18 21:59:59,944 - WARNING - Missing file /smartui/scripts/utrn-table-loader.js referenced in /Users/kevincasey/Documents/GitHub/smartui/gold/diagnosticsselection.html
2025-04-18 21:59:59,944 - WARNING - Missing file /smartui/scripts/diagselect-loader.js referenced in /Users/kevincasey/Documents/GitHub/smartui/gold/diagnosticsselection.html
2025-04-18 21:59:59,944 - WARNING - Missing file /smartui/scripts/dropdown-scenario-level.js referenced in /Users/kevincasey/Documents/GitHub/smartui/gold/diagnosticsselection.html
2025-04-18 21:59:59,944 - WARNING - Missing file /smartui/scripts/reset-scenario-handler.js referenced in /Users/kevincasey/Documents/GitHub/smartui/gold/diagnosticsselection.html
2025-04-18 21:59:59,944 - WARNING - Missing file /smartui/scripts/popper.js referenced in /Users/kevincasey/Documents/GitHub/smartui/gold/diagnosticsselection.html
2025-04-18 21:59:59,944 - WARNING - Missing file /smartui/scripts/tippy.umd.js referenced in /Users/kevincasey/Documents/GitHub/smartui/gold/diagnosticsselection.html
2025-04-18 21:59:59,944 - WARNING - Absolute paths still found in /Users/kevincasey/Documents/GitHub/smartui/gold/additionalfunctionsreplayjoindevices.html
2025-04-18 21:59:59,944 - WARNING - Missing file /smartui/scripts/smartui-loader.js referenced in /Users/kevincasey/Documents/GitHub/smartui/gold/additionalfunctionsreplayjoindevices.html
2025-04-18 21:59:59,944 - WARNING - Missing file /smartui/scripts/utrn-table-loader.js referenced in /Users/kevincasey/Documents/GitHub/smartui/gold/additionalfunctionsreplayjoindevices.html
2025-04-18 21:59:59,944 - WARNING - Missing file /smartui/scripts/dropdown-scenario-level.js referenced in /Users/kevincasey/Documents/GitHub/smartui/gold/additionalfunctionsreplayjoindevices.html
2025-04-18 21:59:59,944 - WARNING - Missing file /smartui/scripts/popper.js referenced in /Users/kevincasey/Documents/GitHub/smartui/gold/additionalfunctionsreplayjoindevices.html
2025-04-18 21:59:59,944 - WARNING - Missing file /smartui/scripts/tippy.umd.js referenced in /Users/kevincasey/Documents/GitHub/smartui/gold/additionalfunctionsreplayjoindevices.html
2025-04-18 21:59:59,944 - WARNING - Absolute paths still found in /Users/kevincasey/Documents/GitHub/smartui/gold/additionalfunctionsresetmeterpin.html
2025-04-18 21:59:59,944 - WARNING - Missing file /smartui/scripts/smartui-loader.js referenced in /Users/kevincasey/Documents/GitHub/smartui/gold/additionalfunctionsresetmeterpin.html
2025-04-18 21:59:59,944 - WARNING - Missing file /smartui/scripts/utrn-table-loader.js referenced in /Users/kevincasey/Documents/GitHub/smartui/gold/additionalfunctionsresetmeterpin.html
2025-04-18 21:59:59,944 - WARNING - Missing file /smartui/scripts/reset-pin.js referenced in /Users/kevincasey/Documents/GitHub/smartui/gold/additionalfunctionsresetmeterpin.html
2025-04-18 21:59:59,944 - WARNING - Missing file /smartui/scripts/dropdown-scenario-level.js referenced in /Users/kevincasey/Documents/GitHub/smartui/gold/additionalfunctionsresetmeterpin.html
2025-04-18 21:59:59,944 - WARNING - Missing file /smartui/scripts/reset-scenario-handler.js referenced in /Users/kevincasey/Documents/GitHub/smartui/gold/additionalfunctionsresetmeterpin.html
2025-04-18 21:59:59,944 - WARNING - Missing file /smartui/scripts/popper.js referenced in /Users/kevincasey/Documents/GitHub/smartui/gold/additionalfunctionsresetmeterpin.html
2025-04-18 21:59:59,944 - WARNING - Missing file /smartui/scripts/tippy.umd.js referenced in /Users/kevincasey/Documents/GitHub/smartui/gold/additionalfunctionsresetmeterpin.html
2025-04-18 21:59:59,944 - WARNING - Absolute paths still found in /Users/kevincasey/Documents/GitHub/smartui/gold/additionalfunctions.html
2025-04-18 21:59:59,944 - WARNING - Missing file /smartui/scripts/smartui-loader.js referenced in /Users/kevincasey/Documents/GitHub/smartui/gold/additionalfunctions.html
2025-04-18 21:59:59,945 - WARNING - Missing file /smartui/scripts/utrn-table-loader.js referenced in /Users/kevincasey/Documents/GitHub/smartui/gold/additionalfunctions.html
2025-04-18 21:59:59,945 - WARNING - Missing file /smartui/scripts/dropdown-scenario-level.js referenced in /Users/kevincasey/Documents/GitHub/smartui/gold/additionalfunctions.html
2025-04-18 21:59:59,945 - WARNING - Missing file /smartui/scripts/popper.js referenced in /Users/kevincasey/Documents/GitHub/smartui/gold/additionalfunctions.html
2025-04-18 21:59:59,945 - WARNING - Missing file /smartui/scripts/tippy.umd.js referenced in /Users/kevincasey/Documents/GitHub/smartui/gold/additionalfunctions.html
2025-04-18 21:59:59,945 - WARNING - Absolute paths still found in /Users/kevincasey/Documents/GitHub/smartui/gold/BSRinformation.html
2025-04-18 21:59:59,945 - WARNING - Missing file /smartui/scripts/smartui-loader.js referenced in /Users/kevincasey/Documents/GitHub/smartui/gold/BSRinformation.html
2025-04-18 21:59:59,945 - WARNING - Missing file /smartui/scripts/utrn-table-loader.js referenced in /Users/kevincasey/Documents/GitHub/smartui/gold/BSRinformation.html
2025-04-18 21:59:59,945 - WARNING - Missing file /smartui/scripts/reset-scenario-handler.js referenced in /Users/kevincasey/Documents/GitHub/smartui/gold/BSRinformation.html
2025-04-18 21:59:59,945 - WARNING - Missing file /smartui/scripts/dropdown-scenario-level.js. referenced in /Users/kevincasey/Documents/GitHub/smartui/gold/BSRinformation.html
2025-04-18 21:59:59,945 - WARNING - Missing file /smartui/scripts/popper.js referenced in /Users/kevincasey/Documents/GitHub/smartui/gold/BSRinformation.html
2025-04-18 21:59:59,945 - WARNING - Missing file /smartui/scripts/tippy.umd.js referenced in /Users/kevincasey/Documents/GitHub/smartui/gold/BSRinformation.html
2025-04-18 21:59:59,945 - WARNING - Absolute paths still found in /Users/kevincasey/Documents/GitHub/smartui/gold/readprepaymentsettings.html
2025-04-18 21:59:59,945 - WARNING - Missing file /smartui/scripts/popper.js referenced in /Users/kevincasey/Documents/GitHub/smartui/gold/readprepaymentsettings.html
2025-04-18 21:59:59,945 - WARNING - Missing file /smartui/scripts/tippy.umd.js referenced in /Users/kevincasey/Documents/GitHub/smartui/gold/readprepaymentsettings.html
2025-04-18 21:59:59,945 - WARNING - Absolute paths still found in /Users/kevincasey/Documents/GitHub/smartui/gold/enhancedprepaymentlowbalance.html
2025-04-18 21:59:59,945 - WARNING - Missing file /smartui/scripts/smartui-loader.js referenced in /Users/kevincasey/Documents/GitHub/smartui/gold/enhancedprepaymentlowbalance.html
2025-04-18 21:59:59,945 - WARNING - Missing file /smartui/scripts/utrn-table-loader.js referenced in /Users/kevincasey/Documents/GitHub/smartui/gold/enhancedprepaymentlowbalance.html
2025-04-18 21:59:59,945 - WARNING - Missing file /smartui/scripts/dropdown-scenario-level.js referenced in /Users/kevincasey/Documents/GitHub/smartui/gold/enhancedprepaymentlowbalance.html
2025-04-18 21:59:59,945 - WARNING - Missing file /smartui/scripts/reset-scenario-handler.js referenced in /Users/kevincasey/Documents/GitHub/smartui/gold/enhancedprepaymentlowbalance.html
2025-04-18 21:59:59,945 - WARNING - Missing file /smartui/scripts/popper.js referenced in /Users/kevincasey/Documents/GitHub/smartui/gold/enhancedprepaymentlowbalance.html
2025-04-18 21:59:59,945 - WARNING - Missing file /smartui/scripts/tippy.umd.js referenced in /Users/kevincasey/Documents/GitHub/smartui/gold/enhancedprepaymentlowbalance.html
2025-04-18 21:59:59,945 - WARNING - Absolute paths still found in /Users/kevincasey/Documents/GitHub/smartui/gold/prepaymentpaymentsoldsupplier.html
2025-04-18 21:59:59,946 - WARNING - Missing file /smartui/scripts/smartui-loader.js referenced in /Users/kevincasey/Documents/GitHub/smartui/gold/prepaymentpaymentsoldsupplier.html
2025-04-18 21:59:59,946 - WARNING - Missing file /smartui/scripts/utrn-table-loader.js referenced in /Users/kevincasey/Documents/GitHub/smartui/gold/prepaymentpaymentsoldsupplier.html
2025-04-18 21:59:59,946 - WARNING - Missing file /smartui/scripts/reset-scenario-handler.js referenced in /Users/kevincasey/Documents/GitHub/smartui/gold/prepaymentpaymentsoldsupplier.html
2025-04-18 21:59:59,946 - WARNING - Missing file /smartui/scripts/dropdown-scenario-level.js referenced in /Users/kevincasey/Documents/GitHub/smartui/gold/prepaymentpaymentsoldsupplier.html
2025-04-18 21:59:59,946 - WARNING - Missing file /smartui/scripts/popper.js referenced in /Users/kevincasey/Documents/GitHub/smartui/gold/prepaymentpaymentsoldsupplier.html
2025-04-18 21:59:59,946 - WARNING - Missing file /smartui/scripts/tippy.umd.js referenced in /Users/kevincasey/Documents/GitHub/smartui/gold/prepaymentpaymentsoldsupplier.html
2025-04-18 21:59:59,946 - WARNING - Absolute paths still found in /Users/kevincasey/Documents/GitHub/smartui/gold/BSRinformationexec.html
2025-04-18 21:59:59,946 - WARNING - Missing file /smartui/scripts/smartui-loader.js referenced in /Users/kevincasey/Documents/GitHub/smartui/gold/BSRinformationexec.html
2025-04-18 21:59:59,946 - WARNING - Missing file /smartui/scripts/utrn-table-loader.js referenced in /Users/kevincasey/Documents/GitHub/smartui/gold/BSRinformationexec.html
2025-04-18 21:59:59,946 - WARNING - Missing file /smartui/scripts/w3.js referenced in /Users/kevincasey/Documents/GitHub/smartui/gold/BSRinformationexec.html
2025-04-18 21:59:59,946 - WARNING - Missing file /smartui/scripts/dropdown-bsr-handler.js referenced in /Users/kevincasey/Documents/GitHub/smartui/gold/BSRinformationexec.html
2025-04-18 21:59:59,946 - WARNING - Missing file /smartui/scripts/dropdown-scenario-level.js referenced in /Users/kevincasey/Documents/GitHub/smartui/gold/BSRinformationexec.html
2025-04-18 21:59:59,946 - WARNING - Missing file /smartui/scripts/reset-scenario-handler.js referenced in /Users/kevincasey/Documents/GitHub/smartui/gold/BSRinformationexec.html
2025-04-18 21:59:59,946 - WARNING - Missing file /smartui/scripts/popper.js referenced in /Users/kevincasey/Documents/GitHub/smartui/gold/BSRinformationexec.html
2025-04-18 21:59:59,946 - WARNING - Missing file /smartui/scripts/tippy.umd.js referenced in /Users/kevincasey/Documents/GitHub/smartui/gold/BSRinformationexec.html
2025-04-18 21:59:59,946 - WARNING - Absolute paths still found in /Users/kevincasey/Documents/GitHub/smartui/gold/enhancedprepaymentaddtopup.html
2025-04-18 21:59:59,946 - WARNING - Missing file /smartui/scripts/smartui-loader.js referenced in /Users/kevincasey/Documents/GitHub/smartui/gold/enhancedprepaymentaddtopup.html
2025-04-18 21:59:59,946 - WARNING - Missing file /smartui/scripts/utrn-table-loader.js referenced in /Users/kevincasey/Documents/GitHub/smartui/gold/enhancedprepaymentaddtopup.html
2025-04-18 21:59:59,946 - WARNING - Missing file /smartui/scripts/dropdown-scenario-level.js referenced in /Users/kevincasey/Documents/GitHub/smartui/gold/enhancedprepaymentaddtopup.html
2025-04-18 21:59:59,946 - WARNING - Missing file /smartui/scripts/reset-scenario-handler.js referenced in /Users/kevincasey/Documents/GitHub/smartui/gold/enhancedprepaymentaddtopup.html
2025-04-18 21:59:59,947 - WARNING - Missing file /smartui/scripts/popper.js referenced in /Users/kevincasey/Documents/GitHub/smartui/gold/enhancedprepaymentaddtopup.html
2025-04-18 21:59:59,947 - WARNING - Missing file /smartui/scripts/tippy.umd.js referenced in /Users/kevincasey/Documents/GitHub/smartui/gold/enhancedprepaymentaddtopup.html
2025-04-18 21:59:59,947 - WARNING - Absolute paths still found in /Users/kevincasey/Documents/GitHub/smartui/gold/diagnosticsloadcontrolswitchdata.html
2025-04-18 21:59:59,947 - WARNING - Missing file /smartui/scripts/smartui-loader.js referenced in /Users/kevincasey/Documents/GitHub/smartui/gold/diagnosticsloadcontrolswitchdata.html
2025-04-18 21:59:59,947 - WARNING - Missing file /smartui/scripts/utrn-table-loader.js referenced in /Users/kevincasey/Documents/GitHub/smartui/gold/diagnosticsloadcontrolswitchdata.html
2025-04-18 21:59:59,947 - WARNING - Missing file /smartui/scripts/dropdown-scenario-level.js referenced in /Users/kevincasey/Documents/GitHub/smartui/gold/diagnosticsloadcontrolswitchdata.html
2025-04-18 21:59:59,947 - WARNING - Missing file /smartui/scripts/reset-scenario-handler.js referenced in /Users/kevincasey/Documents/GitHub/smartui/gold/diagnosticsloadcontrolswitchdata.html
2025-04-18 21:59:59,947 - WARNING - Missing file /smartui/scripts/popper.js referenced in /Users/kevincasey/Documents/GitHub/smartui/gold/diagnosticsloadcontrolswitchdata.html
2025-04-18 21:59:59,947 - WARNING - Missing file /smartui/scripts/tippy.umd.js referenced in /Users/kevincasey/Documents/GitHub/smartui/gold/diagnosticsloadcontrolswitchdata.html
2025-04-18 21:59:59,947 - WARNING - Absolute paths still found in /Users/kevincasey/Documents/GitHub/smartui/gold/diagnosticsdevicelog.html
2025-04-18 21:59:59,947 - WARNING - Missing file /smartui/scripts/smartui-loader.js referenced in /Users/kevincasey/Documents/GitHub/smartui/gold/diagnosticsdevicelog.html
2025-04-18 21:59:59,947 - WARNING - Missing file /smartui/scripts/utrn-table-loader.js referenced in /Users/kevincasey/Documents/GitHub/smartui/gold/diagnosticsdevicelog.html
2025-04-18 21:59:59,947 - WARNING - Missing file /smartui/scripts/dropdown-scenario-level.js referenced in /Users/kevincasey/Documents/GitHub/smartui/gold/diagnosticsdevicelog.html
2025-04-18 21:59:59,947 - WARNING - Missing file /smartui/scripts/reset-scenario-handler.js referenced in /Users/kevincasey/Documents/GitHub/smartui/gold/diagnosticsdevicelog.html
2025-04-18 21:59:59,947 - WARNING - Missing file /smartui/scripts/popper.js referenced in /Users/kevincasey/Documents/GitHub/smartui/gold/diagnosticsdevicelog.html
2025-04-18 21:59:59,948 - WARNING - Missing file /smartui/scripts/tippy.umd.js referenced in /Users/kevincasey/Documents/GitHub/smartui/gold/diagnosticsdevicelog.html
2025-04-18 21:59:59,948 - WARNING - Absolute paths still found in /Users/kevincasey/Documents/GitHub/smartui/gold/additionalfunctionsdevicecatalogue.html
2025-04-18 21:59:59,948 - WARNING - Missing file /smartui/scripts/smartui-loader.js referenced in /Users/kevincasey/Documents/GitHub/smartui/gold/additionalfunctionsdevicecatalogue.html
2025-04-18 21:59:59,948 - WARNING - Missing file /smartui/scripts/utrn-table-loader.js referenced in /Users/kevincasey/Documents/GitHub/smartui/gold/additionalfunctionsdevicecatalogue.html
2025-04-18 21:59:59,948 - WARNING - Missing file /smartui/scripts/dropdown-scenario-level.js referenced in /Users/kevincasey/Documents/GitHub/smartui/gold/additionalfunctionsdevicecatalogue.html
2025-04-18 21:59:59,948 - WARNING - Missing file /smartui/scripts/reset-scenario-handler.js referenced in /Users/kevincasey/Documents/GitHub/smartui/gold/additionalfunctionsdevicecatalogue.html
2025-04-18 21:59:59,948 - WARNING - Missing file /smartui/scripts/popper.js referenced in /Users/kevincasey/Documents/GitHub/smartui/gold/additionalfunctionsdevicecatalogue.html
2025-04-18 21:59:59,948 - WARNING - Missing file /smartui/scripts/tippy.umd.js referenced in /Users/kevincasey/Documents/GitHub/smartui/gold/additionalfunctionsdevicecatalogue.html
2025-04-18 21:59:59,948 - WARNING - Absolute paths still found in /Users/kevincasey/Documents/GitHub/smartui/gold/diagnostics.html
2025-04-18 21:59:59,948 - WARNING - Missing file /smartui/scripts/smartui-loader.js referenced in /Users/kevincasey/Documents/GitHub/smartui/gold/diagnostics.html
2025-04-18 21:59:59,948 - WARNING - Missing file /smartui/scripts/utrn-table-loader.js referenced in /Users/kevincasey/Documents/GitHub/smartui/gold/diagnostics.html
2025-04-18 21:59:59,948 - WARNING - Missing file /smartui/scripts/dropdown-scenario-level.js referenced in /Users/kevincasey/Documents/GitHub/smartui/gold/diagnostics.html
2025-04-18 21:59:59,948 - WARNING - Missing file /smartui/scripts/reset-scenario-handler.js referenced in /Users/kevincasey/Documents/GitHub/smartui/gold/diagnostics.html
2025-04-18 21:59:59,948 - WARNING - Missing file /smartui/scripts/popper.js referenced in /Users/kevincasey/Documents/GitHub/smartui/gold/diagnostics.html
2025-04-18 21:59:59,948 - WARNING - Missing file /smartui/scripts/tippy.umd.js referenced in /Users/kevincasey/Documents/GitHub/smartui/gold/diagnostics.html
2025-04-18 21:59:59,948 - WARNING - Absolute paths still found in /Users/kevincasey/Documents/GitHub/smartui/gold/meterreads.html
2025-04-18 21:59:59,948 - WARNING - Missing file /smartui/scripts/smartui-loader.js referenced in /Users/kevincasey/Documents/GitHub/smartui/gold/meterreads.html
2025-04-18 21:59:59,948 - WARNING - Missing file /smartui/scripts/utrn-table-loader.js referenced in /Users/kevincasey/Documents/GitHub/smartui/gold/meterreads.html
2025-04-18 21:59:59,948 - WARNING - Missing file /smartui/scripts/dropdown-scenario-level.js referenced in /Users/kevincasey/Documents/GitHub/smartui/gold/meterreads.html
2025-04-18 21:59:59,948 - WARNING - Missing file /smartui/scripts/reset-scenario-handler.js referenced in /Users/kevincasey/Documents/GitHub/smartui/gold/meterreads.html
2025-04-18 21:59:59,948 - WARNING - Missing file /smartui/scripts/dropdown-bsr-handler.js referenced in /Users/kevincasey/Documents/GitHub/smartui/gold/meterreads.html
2025-04-18 21:59:59,949 - WARNING - Missing file /smartui/scripts/popper.js referenced in /Users/kevincasey/Documents/GitHub/smartui/gold/meterreads.html
2025-04-18 21:59:59,949 - WARNING - Missing file /smartui/scripts/tippy.umd.js referenced in /Users/kevincasey/Documents/GitHub/smartui/gold/meterreads.html
2025-04-18 21:59:59,949 - WARNING - Absolute paths still found in /Users/kevincasey/Documents/GitHub/smartui/gold/prepaymentpaymentshistoricUTRN.html
2025-04-18 21:59:59,949 - WARNING - Missing file /smartui/scripts/smartui-loader.js referenced in /Users/kevincasey/Documents/GitHub/smartui/gold/prepaymentpaymentshistoricUTRN.html
2025-04-18 21:59:59,949 - WARNING - Missing file /smartui/scripts/utrn-table-loader.js referenced in /Users/kevincasey/Documents/GitHub/smartui/gold/prepaymentpaymentshistoricUTRN.html
2025-04-18 21:59:59,949 - WARNING - Missing file /smartui/scripts/reset-scenario-handler.js referenced in /Users/kevincasey/Documents/GitHub/smartui/gold/prepaymentpaymentshistoricUTRN.html
2025-04-18 21:59:59,949 - WARNING - Missing file /smartui/scripts/dropdown-scenario-level.js referenced in /Users/kevincasey/Documents/GitHub/smartui/gold/prepaymentpaymentshistoricUTRN.html
2025-04-18 21:59:59,949 - WARNING - Missing file /smartui/scripts/popper.js referenced in /Users/kevincasey/Documents/GitHub/smartui/gold/prepaymentpaymentshistoricUTRN.html
2025-04-18 21:59:59,949 - WARNING - Missing file /smartui/scripts/tippy.umd.js referenced in /Users/kevincasey/Documents/GitHub/smartui/gold/prepaymentpaymentshistoricUTRN.html
2025-04-18 21:59:59,949 - WARNING - Absolute paths still found in /Users/kevincasey/Documents/GitHub/smartui/gold/prepaymentpayments.html
2025-04-18 21:59:59,949 - WARNING - Missing file /smartui/scripts/smartui-loader.js referenced in /Users/kevincasey/Documents/GitHub/smartui/gold/prepaymentpayments.html
2025-04-18 21:59:59,950 - WARNING - Missing file /smartui/scripts/utrn-table-loader.js referenced in /Users/kevincasey/Documents/GitHub/smartui/gold/prepaymentpayments.html
2025-04-18 21:59:59,950 - WARNING - Missing file /smartui/scripts/reset-scenario-handler.js referenced in /Users/kevincasey/Documents/GitHub/smartui/gold/prepaymentpayments.html
2025-04-18 21:59:59,950 - WARNING - Missing file /smartui/scripts/dropdown-scenario-level.js referenced in /Users/kevincasey/Documents/GitHub/smartui/gold/prepaymentpayments.html
2025-04-18 21:59:59,950 - WARNING - Missing file /smartui/scripts/popper.js referenced in /Users/kevincasey/Documents/GitHub/smartui/gold/prepaymentpayments.html
2025-04-18 21:59:59,950 - WARNING - Missing file /smartui/scripts/tippy.umd.js referenced in /Users/kevincasey/Documents/GitHub/smartui/gold/prepaymentpayments.html
2025-04-18 21:59:59,950 - WARNING - Absolute paths still found in /Users/kevincasey/Documents/GitHub/smartui/gold/enhancedprepaymentserviceautotopup.html
2025-04-18 21:59:59,950 - WARNING - Missing file /smartui/scripts/smartui-loader.js referenced in /Users/kevincasey/Documents/GitHub/smartui/gold/enhancedprepaymentserviceautotopup.html
2025-04-18 21:59:59,950 - WARNING - Missing file /smartui/scripts/utrn-table-loader.js referenced in /Users/kevincasey/Documents/GitHub/smartui/gold/enhancedprepaymentserviceautotopup.html
2025-04-18 21:59:59,950 - WARNING - Missing file /smartui/scripts/dropdown-scenario-level.js referenced in /Users/kevincasey/Documents/GitHub/smartui/gold/enhancedprepaymentserviceautotopup.html
2025-04-18 21:59:59,950 - WARNING - Missing file /smartui/scripts/reset-scenario-handler.js referenced in /Users/kevincasey/Documents/GitHub/smartui/gold/enhancedprepaymentserviceautotopup.html
2025-04-18 21:59:59,950 - WARNING - Missing file /smartui/scripts/popper.js referenced in /Users/kevincasey/Documents/GitHub/smartui/gold/enhancedprepaymentserviceautotopup.html
2025-04-18 21:59:59,950 - WARNING - Missing file /smartui/scripts/tippy.umd.js referenced in /Users/kevincasey/Documents/GitHub/smartui/gold/enhancedprepaymentserviceautotopup.html
2025-04-18 21:59:59,950 - WARNING - Absolute paths still found in /Users/kevincasey/Documents/GitHub/smartui/gold/prepaymentsettingsupdateMB.html
2025-04-18 21:59:59,950 - WARNING - Missing file /smartui/scripts/smartui-loader.js referenced in /Users/kevincasey/Documents/GitHub/smartui/gold/prepaymentsettingsupdateMB.html
2025-04-18 21:59:59,950 - WARNING - Missing file /smartui/scripts/utrn-table-loader.js referenced in /Users/kevincasey/Documents/GitHub/smartui/gold/prepaymentsettingsupdateMB.html
2025-04-18 21:59:59,950 - WARNING - Missing file /smartui/scripts/dropdown-scenario-level.js referenced in /Users/kevincasey/Documents/GitHub/smartui/gold/prepaymentsettingsupdateMB.html
2025-04-18 21:59:59,950 - WARNING - Missing file /smartui/scripts/reset-scenario-handler.js referenced in /Users/kevincasey/Documents/GitHub/smartui/gold/prepaymentsettingsupdateMB.html
2025-04-18 21:59:59,950 - WARNING - Missing file /smartui/scripts/popper.js referenced in /Users/kevincasey/Documents/GitHub/smartui/gold/prepaymentsettingsupdateMB.html
2025-04-18 21:59:59,950 - WARNING - Missing file /smartui/scripts/tippy.umd.js referenced in /Users/kevincasey/Documents/GitHub/smartui/gold/prepaymentsettingsupdateMB.html
2025-04-18 21:59:59,950 - WARNING - Absolute paths still found in /Users/kevincasey/Documents/GitHub/smartui/gold/enhancedprepaymentservice.html
2025-04-18 21:59:59,950 - WARNING - Missing file /smartui/scripts/smartui-loader.js referenced in /Users/kevincasey/Documents/GitHub/smartui/gold/enhancedprepaymentservice.html
2025-04-18 21:59:59,950 - WARNING - Missing file /smartui/scripts/utrn-table-loader.js referenced in /Users/kevincasey/Documents/GitHub/smartui/gold/enhancedprepaymentservice.html
2025-04-18 21:59:59,950 - WARNING - Missing file /smartui/scripts/dropdown-scenario-level.js referenced in /Users/kevincasey/Documents/GitHub/smartui/gold/enhancedprepaymentservice.html
2025-04-18 21:59:59,950 - WARNING - Missing file /smartui/scripts/reset-scenario-handler.js referenced in /Users/kevincasey/Documents/GitHub/smartui/gold/enhancedprepaymentservice.html
2025-04-18 21:59:59,951 - WARNING - Missing file /smartui/scripts/popper.js referenced in /Users/kevincasey/Documents/GitHub/smartui/gold/enhancedprepaymentservice.html
2025-04-18 21:59:59,951 - WARNING - Missing file /smartui/scripts/tippy.umd.js referenced in /Users/kevincasey/Documents/GitHub/smartui/gold/enhancedprepaymentservice.html
2025-04-18 21:59:59,951 - WARNING - Absolute paths still found in /Users/kevincasey/Documents/GitHub/smartui/gold/openingpage.html
2025-04-18 21:59:59,951 - WARNING - Missing file /smartui/scripts/smartui-loader.js referenced in /Users/kevincasey/Documents/GitHub/smartui/gold/openingpage.html
2025-04-18 21:59:59,951 - WARNING - Missing file /smartui/scripts/utrn-table-loader.js referenced in /Users/kevincasey/Documents/GitHub/smartui/gold/openingpage.html
2025-04-18 21:59:59,951 - WARNING - Missing file /smartui/scripts/reset-scenario-handler.js referenced in /Users/kevincasey/Documents/GitHub/smartui/gold/openingpage.html
2025-04-18 21:59:59,951 - WARNING - Missing file /smartui/scripts/dropdown-scenario-level.js referenced in /Users/kevincasey/Documents/GitHub/smartui/gold/openingpage.html
2025-04-18 21:59:59,951 - WARNING - Missing file /smartui/scripts/popper.js referenced in /Users/kevincasey/Documents/GitHub/smartui/gold/openingpage.html
2025-04-18 21:59:59,951 - WARNING - Missing file /smartui/scripts/tippy.umd.js referenced in /Users/kevincasey/Documents/GitHub/smartui/gold/openingpage.html
2025-04-18 21:59:59,951 - WARNING - Absolute paths still found in /Users/kevincasey/Documents/GitHub/smartui/gold/dataentryportal.html
2025-04-18 21:59:59,951 - WARNING - Missing file /smartui/scripts/popper.js referenced in /Users/kevincasey/Documents/GitHub/smartui/gold/dataentryportal.html
2025-04-18 21:59:59,951 - WARNING - Missing file /smartui/scripts/tippy.umd.js referenced in /Users/kevincasey/Documents/GitHub/smartui/gold/dataentryportal.html
2025-04-18 21:59:59,951 - WARNING - Absolute paths still found in /Users/kevincasey/Documents/GitHub/smartui/gold/enhancedprepaymentautotopup.html
2025-04-18 21:59:59,951 - WARNING - Missing file /smartui/scripts/smartui-loader.js referenced in /Users/kevincasey/Documents/GitHub/smartui/gold/enhancedprepaymentautotopup.html
2025-04-18 21:59:59,951 - WARNING - Missing file /smartui/scripts/utrn-table-loader.js referenced in /Users/kevincasey/Documents/GitHub/smartui/gold/enhancedprepaymentautotopup.html
2025-04-18 21:59:59,951 - WARNING - Missing file /smartui/scripts/dropdown-scenario-level.js referenced in /Users/kevincasey/Documents/GitHub/smartui/gold/enhancedprepaymentautotopup.html
2025-04-18 21:59:59,951 - WARNING - Missing file /smartui/scripts/reset-scenario-handler.js referenced in /Users/kevincasey/Documents/GitHub/smartui/gold/enhancedprepaymentautotopup.html
2025-04-18 21:59:59,951 - WARNING - Missing file /smartui/scripts/popper.js referenced in /Users/kevincasey/Documents/GitHub/smartui/gold/enhancedprepaymentautotopup.html
2025-04-18 21:59:59,951 - WARNING - Missing file /smartui/scripts/tippy.umd.js referenced in /Users/kevincasey/Documents/GitHub/smartui/gold/enhancedprepaymentautotopup.html
2025-04-18 21:59:59,951 - WARNING - Absolute paths still found in /Users/kevincasey/Documents/GitHub/smartui/gold/diagnosticstariffinfo.html
2025-04-18 21:59:59,951 - WARNING - Missing file /smartui/scripts/smartui-loader.js referenced in /Users/kevincasey/Documents/GitHub/smartui/gold/diagnosticstariffinfo.html
2025-04-18 21:59:59,951 - WARNING - Missing file /smartui/scripts/utrn-table-loader.js referenced in /Users/kevincasey/Documents/GitHub/smartui/gold/diagnosticstariffinfo.html
2025-04-18 21:59:59,951 - WARNING - Missing file /smartui/scripts/dropdown-scenario-level.js referenced in /Users/kevincasey/Documents/GitHub/smartui/gold/diagnosticstariffinfo.html
2025-04-18 21:59:59,951 - WARNING - Missing file /smartui/scripts/reset-scenario-handler.js referenced in /Users/kevincasey/Documents/GitHub/smartui/gold/diagnosticstariffinfo.html
2025-04-18 21:59:59,951 - WARNING - Missing file /smartui/scripts/popper.js referenced in /Users/kevincasey/Documents/GitHub/smartui/gold/diagnosticstariffinfo.html
2025-04-18 21:59:59,951 - WARNING - Missing file /smartui/scripts/tippy.umd.js referenced in /Users/kevincasey/Documents/GitHub/smartui/gold/diagnosticstariffinfo.html
2025-04-18 21:59:59,952 - WARNING - Absolute paths still found in /Users/kevincasey/Documents/GitHub/smartui/gold/meterreadsstored.html
2025-04-18 21:59:59,952 - WARNING - Missing file /smartui/scripts/popper.js referenced in /Users/kevincasey/Documents/GitHub/smartui/gold/meterreadsstored.html
2025-04-18 21:59:59,952 - WARNING - Missing file /smartui/scripts/tippy.umd.js referenced in /Users/kevincasey/Documents/GitHub/smartui/gold/meterreadsstored.html
2025-04-18 21:59:59,952 - WARNING - Absolute paths still found in /Users/kevincasey/Documents/GitHub/smartui/gold/diagnosticsgasdevice.html
2025-04-18 21:59:59,952 - WARNING - Missing file /smartui/scripts/smartui-loader.js referenced in /Users/kevincasey/Documents/GitHub/smartui/gold/diagnosticsgasdevice.html
2025-04-18 21:59:59,952 - WARNING - Missing file /smartui/scripts/utrn-table-loader.js referenced in /Users/kevincasey/Documents/GitHub/smartui/gold/diagnosticsgasdevice.html
2025-04-18 21:59:59,952 - WARNING - Missing file /smartui/scripts/dropdown-scenario-level.js referenced in /Users/kevincasey/Documents/GitHub/smartui/gold/diagnosticsgasdevice.html
2025-04-18 21:59:59,952 - WARNING - Missing file /smartui/scripts/reset-scenario-handler.js referenced in /Users/kevincasey/Documents/GitHub/smartui/gold/diagnosticsgasdevice.html
2025-04-18 21:59:59,952 - WARNING - Missing file /smartui/scripts/popper.js referenced in /Users/kevincasey/Documents/GitHub/smartui/gold/diagnosticsgasdevice.html
2025-04-18 21:59:59,952 - WARNING - Missing file /smartui/scripts/tippy.umd.js referenced in /Users/kevincasey/Documents/GitHub/smartui/gold/diagnosticsgasdevice.html
2025-04-18 21:59:59,952 - WARNING - Absolute paths still found in /Users/kevincasey/Documents/GitHub/smartui/gold/prepaymentpaymentsUTRNgenerateSINGLE.html
2025-04-18 21:59:59,952 - WARNING - Missing file /smartui/scripts/smartui-loader.js referenced in /Users/kevincasey/Documents/GitHub/smartui/gold/prepaymentpaymentsUTRNgenerateSINGLE.html
2025-04-18 21:59:59,952 - WARNING - Missing file /smartui/scripts/dropdown-utrn-generate-reason.js referenced in /Users/kevincasey/Documents/GitHub/smartui/gold/prepaymentpaymentsUTRNgenerateSINGLE.html
2025-04-18 21:59:59,952 - WARNING - Missing file /smartui/scripts/dropdown-scenario-level.js referenced in /Users/kevincasey/Documents/GitHub/smartui/gold/prepaymentpaymentsUTRNgenerateSINGLE.html
2025-04-18 21:59:59,952 - INFO - Changes made: 33
2025-04-18 21:59:59,952 - INFO - Errors encountered: 0
